<?xml version="1.0" encoding="UTF-8"?>
<!-- Generated by org.testng.reporters.JUnitReportReporter -->
<testsuite hostname="DESKTOP-GMKLELO" failures="0" tests="1" name="testcodes.Exexutescodes" time="103.966" errors="0" timestamp="2021-05-05T16:43:07 IST" skipped="0">
  <testcase classname="testcodes.Exexutescodes" name="contact_creation_test" time="103.966"/>
  <system-out/>
</testsuite> <!-- testcodes.Exexutescodes -->
